---Dinero IV cache simulator, version 7
---Written by Jan Edler and Mark D. Hill
---Copyright (C) 1997 NEC Research Institute, Inc. and Mark D. Hill.
---All rights reserved.
---Copyright (C) 1985, 1989 Mark D. Hill.  All rights reserved.
---See -copyright option for details

---Summary of options (-help option gives usage information).

-l1-isize 16384
-l1-dsize 32768
-l1-ibsize 32
-l1-dbsize 16
-l1-isbsize 32
-l1-dsbsize 16
-l1-iassoc 4
-l1-dassoc 2
-l1-irepl l
-l1-drepl f
-l1-ifetch d
-l1-dfetch d
-l1-dwalloc a
-l1-dwback a
-skipcount 0
-flushcount 0
-maxcount 0
-stat-interval 0
-informat d
-on-trigger 0x0
-off-trigger 0x0

---Simulation begins.
---Simulation complete.
l1-icache
 Metrics		      Total	      Instrn	       Data	       Read	      Write	       Misc
 -----------------	      ------	      ------	      ------	      ------	      ------	      ------
 Demand Fetches		      757341	      757341	           0	           0	           0	           0
  Fraction of total	      1.0000	      1.0000	      0.0000	      0.0000	      0.0000	      0.0000

 Demand Misses		       13743	       13743	           0	           0	           0	           0
  Demand miss rate	      0.0181	      0.0181	      0.0000	      0.0000	      0.0000	      0.0000

 Multi-block refs                 0
 Bytes From Memory	      439776
 ( / Demand Fetches)	      0.5807
 Bytes To Memory	           0
 ( / Demand Writes)	      0.0000
 Total Bytes r/w Mem	      439776
 ( / Demand Fetches)	      0.5807

l1-dcache
 Metrics		      Total	      Instrn	       Data	       Read	      Write	       Misc
 -----------------	      ------	      ------	      ------	      ------	      ------	      ------
 Demand Fetches		      242661	           0	      242661	      159631	       83030	           0
  Fraction of total	      1.0000	      0.0000	      1.0000	      0.6578	      0.3422	      0.0000

 Demand Misses		        4248	           0	        4248	        2095	        2153	           0
  Demand miss rate	      0.0175	      0.0000	      0.0175	      0.0131	      0.0259	      0.0000

 Multi-block refs                 0
 Bytes From Memory	       67968
 ( / Demand Fetches)	      0.2801
 Bytes To Memory	       40784
 ( / Demand Writes)	      0.4912
 Total Bytes r/w Mem	      108752
 ( / Demand Fetches)	      0.4482

---Execution complete.
